---------------------------------------------
8085 ASSEMBLER LISTING
Line   Addr Opcode      Label   Instruction
---------------------------------------------
0001   0000                     ;  Altair blinken lights with memory array of light patterns.
0002   0000                     ;  Fill up the memory starting at DATA with patterns you like.
0003   0000                     ;  Or just generate bunch of random bytes.
0004   0000                     ;  Whatever you want, put it at DATA and terminate the list with 0.
0005   0000             
0006   0000             	ORG 0h
0007   0000 21 31 00    INIT	LXI H,DATA   ;  HL points to blinken data
0008   0003 22 2F 00    	SHLD SAVE_HL
0009   0006             
0010   0006 2A 2F 00    GETD	LHLD SAVE_HL   ;  restore HL
0011   0009 7E          	MOV A,M     ;  get data @ HL
0012   000A FE 2A       	CPI EOF       ;  End of the data list?
0013   000C CA 00 00    	JZ INIT     ;  Yes, reset HL pointer.
0014   000F 57          	MOV D,A     ;  No, put in D register for the display pattern.
0015   0010 2C          	INR L       ;  HL++
0016   0011 22 2F 00    	SHLD SAVE_HL   ;  Save data
0017   0014             
0018   0014             
0019   0014 21 00 00    INPDEL	LXI H,0     ;  Init HL to zero before starting the delay loop
0020   0017 DB FF       	IN 0ffh
0021   0019 FE FF       	CPI 0ffh    ;  All Sense switches on is a HALT.
0022   001B CA 2E 00    	JZ DONE
0023   001E C6 01       	ADI 1
0024   0020 4F          	MOV C,A     ;  sense switches to B
0025   0021 06 00       	MVI B,0     ;  BC = <sense>00
0026   0023             
0027   0023 1A          BLINK	LDAX D
0028   0024 1A          	LDAX D
0029   0025 1A          	LDAX D
0030   0026 1A          	LDAX D
0031   0027 09          	DAD B
0032   0028 D2 23 00    	JNC BLINK
0033   002B             	;  Done with this loop go get the next D
0034   002B C3 06 00    	JMP GETD
0035   002E             
0036   002E             	; Halt if FF on sense switches. Some way to drop out.
0037   002E 76          DONE	HLT
0038   002F             
0039   002F             	; Somewhere to save HL, since it will get clobbered by the delay routine.
0040   002F 00 00       SAVE_HL	DW 0
0041   0031             	;  Put your pattern list here... this is just jiggy wiggy back forth here.
0042   0031             
0043   0031 11          DATA	DB 00010001b
0044   0032 22          	DB 00100010b
0045   0033 44          	DB 01000100b
0046   0034 88          	DB 10001000b
0047   0035 11          	db 00010001b
0048   0036 22          	db 00100010b
0049   0037 44          	DB 01000100b
0050   0038 88          	db 10001000b
0051   0039 10          	db 00010000b
0052   003A 20          	db 00100000b
0053   003B 40          	db 01000000b
0054   003C 80          	db 10000000b
0055   003D 00          	db 00000000b
0056   003E 80          	db 10000000b
0057   003F C0          	db 11000000b
0058   0040 60          	db 01100000b
0059   0041 30          	db 00110000b
0060   0042 18          	db 00011000b
0061   0043 0C          	db 00001100b
0062   0044 06          	db 00000110b
0063   0045 03          	db 00000011b
0064   0046 01          	db 00000001b
0065   0047 00          	db 00000000b
0066   0048 01          	db 00000001b
0067   0049 03          	db 00000011b
0068   004A 07          	db 00000111b
0069   004B 0F          	db 00001111b
0070   004C 1F          	db 00011111b
0071   004D 3F          	db 00111111b
0072   004E 7F          	db 01111111b
0073   004F FF          	db 11111111b
0074   0050 FE          	db 11111110b
0075   0051 FC          	db 11111100b
0076   0052 F8          	db 11111000b
0077   0053 F0          	db 11110000b
0078   0054 E0          	db 11100000b
0079   0055 C0          	db 11000000b
0080   0056 80          	db 10000000b
0081   0057 00          	db 00000000b
0082   0058             
0083   0058 2A          	DB EOF
0084   0059             
0085   0059             
0086   0059             EOF	EQU 042  ; end of data
0087   0059             	END
Number of errors = 0
